RUN	video.VideoSimulation	videosimulation	1623508260799	1 server 50 user	3.5.1
USER	Test Video GET	START	1623508262187
USER	Test Video GET	START	1623508262187
USER	Test Video GET	START	1623508262187
USER	Test Video GET	START	1623508262187
USER	Test Video GET	START	1623508262187
USER	Test Video GET	START	1623508262187
USER	Test Video GET	START	1623508262195
USER	Test Video GET	START	1623508262187
USER	Test Video GET	START	1623508262706
USER	Test Video GET	START	1623508262706
USER	Test Video GET	START	1623508262706
USER	Test Video GET	START	1623508262706
USER	Test Video GET	START	1623508262706
USER	Test Video GET	START	1623508262187
USER	Test Video GET	START	1623508262187
USER	Test Video GET	START	1623508262187
USER	Test Video GET	START	1623508262187
USER	Test Video GET	START	1623508262707
USER	Test Video GET	START	1623508262707
USER	Test Video GET	START	1623508262707
USER	Test Video GET	START	1623508262706
USER	Test Video GET	START	1623508262707
USER	Test Video GET	START	1623508262707
USER	Test Video GET	START	1623508262707
USER	Test Video GET	START	1623508262708
USER	Test Video GET	START	1623508262707
USER	Test Video GET	START	1623508262706
USER	Test Video GET	START	1623508262707
USER	Test Video GET	START	1623508262708
USER	Test Video GET	START	1623508262187
USER	Test Video GET	START	1623508262710
USER	Test Video GET	START	1623508262711
USER	Test Video GET	START	1623508262711
USER	Test Video GET	START	1623508262187
USER	Test Video GET	START	1623508262708
USER	Test Video GET	START	1623508262187
USER	Test Video GET	START	1623508262708
USER	Test Video GET	START	1623508262710
USER	Test Video GET	START	1623508262712
USER	Test Video GET	START	1623508262712
USER	Test Video GET	START	1623508262712
USER	Test Video GET	START	1623508262713
USER	Test Video GET	START	1623508262187
USER	Test Video GET	START	1623508262711
USER	Test Video GET	START	1623508262716
USER	Test Video GET	START	1623508262716
USER	Test Video GET	START	1623508262713
USER	Test Video GET	START	1623508262719
USER	Test Video GET	START	1623508262720
USER	Test Video GET	START	1623508262721
REQUEST		Get 480p quality	1623508262706	1623508266321	OK	 
REQUEST		Get 480p quality	1623508262706	1623508266477	OK	 
REQUEST		Get 480p quality	1623508262707	1623508266682	OK	 
REQUEST		Get 480p quality	1623508262229	1623508266988	OK	 
REQUEST		Get 480p quality	1623508262230	1623508267593	OK	 
REQUEST		Get 480p quality	1623508262229	1623508267606	OK	 
REQUEST		Get 480p quality	1623508262706	1623508267688	OK	 
REQUEST		Get 480p quality	1623508262230	1623508267977	OK	 
REQUEST		Get 480p quality	1623508262707	1623508268295	OK	 
REQUEST		Get 480p quality	1623508262707	1623508268385	OK	 
REQUEST		Get 480p quality	1623508262229	1623508270608	OK	 
REQUEST		Get 480p quality	1623508262706	1623508270720	OK	 
REQUEST		Get 480p quality	1623508262706	1623508270909	OK	 
REQUEST		Get 480p quality	1623508262230	1623508270911	OK	 
REQUEST		Get 480p quality	1623508262707	1623508271299	OK	 
REQUEST		Get 480p quality	1623508262708	1623508271485	OK	 
REQUEST		Get 480p quality	1623508262709	1623508271688	OK	 
REQUEST		Get 480p quality	1623508262709	1623508271912	OK	 
REQUEST		Get 480p quality	1623508262707	1623508272022	OK	 
REQUEST		Get 480p quality	1623508262229	1623508272379	OK	 
REQUEST		Get 480p quality	1623508262709	1623508275819	OK	 
REQUEST		Get 480p quality	1623508262229	1623508275820	OK	 
REQUEST		Get 480p quality	1623508262229	1623508275889	OK	 
REQUEST		Get 480p quality	1623508262707	1623508276182	OK	 
REQUEST		Get 480p quality	1623508262712	1623508276311	OK	 
REQUEST		Get 480p quality	1623508262229	1623508276601	OK	 
REQUEST		Get 480p quality	1623508262230	1623508276718	OK	 
REQUEST		Get 480p quality	1623508262711	1623508277117	OK	 
REQUEST		Get 480p quality	1623508262710	1623508277174	OK	 
REQUEST		Get 480p quality	1623508262230	1623508277218	OK	 
REQUEST		Get 480p quality	1623508262706	1623508279404	OK	 
REQUEST		Get 480p quality	1623508262708	1623508279607	OK	 
REQUEST		Get 480p quality	1623508262229	1623508279612	OK	 
REQUEST		Get 480p quality	1623508262710	1623508279914	OK	 
REQUEST		Get 480p quality	1623508262707	1623508279998	OK	 
REQUEST		Get 480p quality	1623508262713	1623508280224	OK	 
REQUEST		Get 480p quality	1623508262706	1623508280226	OK	 
REQUEST		Get 480p quality	1623508262711	1623508280512	OK	 
REQUEST		Get 480p quality	1623508262720	1623508280674	OK	 
REQUEST		Get 480p quality	1623508262229	1623508281078	OK	 
REQUEST		Get 480p quality	1623508262717	1623508282808	OK	 
REQUEST		Get 480p quality	1623508262716	1623508282984	OK	 
REQUEST		Get 480p quality	1623508262720	1623508283484	OK	 
REQUEST		Get 480p quality	1623508262714	1623508283736	OK	 
REQUEST		Get 480p quality	1623508262721	1623508284012	OK	 
REQUEST		Get 480p quality	1623508262711	1623508284180	OK	 
REQUEST		Get 480p quality	1623508262713	1623508284546	OK	 
REQUEST		Get 480p quality	1623508262230	1623508284595	OK	 
REQUEST		Get 480p quality	1623508262229	1623508284600	OK	 
REQUEST		Get 480p quality	1623508262712	1623508284985	OK	 
REQUEST		Get origin quality	1623508266683	1623508287360	OK	 
USER	Test Video GET	END	1623508287363
REQUEST		Get origin quality	1623508266479	1623508287396	OK	 
USER	Test Video GET	END	1623508287397
REQUEST		Get origin quality	1623508266338	1623508287404	OK	 
USER	Test Video GET	END	1623508287405
REQUEST		Get origin quality	1623508267688	1623508287822	OK	 
USER	Test Video GET	END	1623508287823
REQUEST		Get origin quality	1623508266988	1623508287929	OK	 
REQUEST		Get origin quality	1623508267596	1623508287929	OK	 
USER	Test Video GET	END	1623508287930
USER	Test Video GET	END	1623508287930
REQUEST		Get origin quality	1623508268296	1623508288127	OK	 
USER	Test Video GET	END	1623508288127
REQUEST		Get origin quality	1623508267607	1623508288289	OK	 
USER	Test Video GET	END	1623508288289
REQUEST		Get origin quality	1623508267978	1623508288483	OK	 
USER	Test Video GET	END	1623508288484
REQUEST		Get origin quality	1623508268386	1623508288732	OK	 
USER	Test Video GET	END	1623508288732
REQUEST		Get origin quality	1623508270609	1623508290811	OK	 
USER	Test Video GET	END	1623508290812
REQUEST		Get origin quality	1623508270721	1623508291099	OK	 
USER	Test Video GET	END	1623508291100
REQUEST		Get origin quality	1623508270910	1623508291153	OK	 
USER	Test Video GET	END	1623508291153
REQUEST		Get origin quality	1623508271300	1623508291701	OK	 
USER	Test Video GET	END	1623508291702
REQUEST		Get origin quality	1623508271486	1623508291894	OK	 
USER	Test Video GET	END	1623508291895
REQUEST		Get origin quality	1623508270912	1623508291999	OK	 
USER	Test Video GET	END	1623508291999
REQUEST		Get origin quality	1623508271913	1623508292242	OK	 
USER	Test Video GET	END	1623508292243
REQUEST		Get origin quality	1623508271689	1623508292513	OK	 
USER	Test Video GET	END	1623508292514
REQUEST		Get origin quality	1623508272022	1623508292892	OK	 
USER	Test Video GET	END	1623508292893
REQUEST		Get origin quality	1623508272380	1623508292938	OK	 
USER	Test Video GET	END	1623508292938
REQUEST		Get origin quality	1623508275819	1623508295320	OK	 
USER	Test Video GET	END	1623508295321
REQUEST		Get origin quality	1623508275821	1623508295521	OK	 
USER	Test Video GET	END	1623508295522
REQUEST		Get origin quality	1623508275890	1623508295724	OK	 
USER	Test Video GET	END	1623508295725
REQUEST		Get origin quality	1623508276719	1623508295813	OK	 
USER	Test Video GET	END	1623508295814
REQUEST		Get origin quality	1623508276311	1623508295896	OK	 
USER	Test Video GET	END	1623508295896
REQUEST		Get origin quality	1623508276602	1623508296171	OK	 
USER	Test Video GET	END	1623508296172
REQUEST		Get origin quality	1623508276187	1623508296219	OK	 
USER	Test Video GET	END	1623508296219
REQUEST		Get origin quality	1623508277118	1623508296475	OK	 
USER	Test Video GET	END	1623508296477
REQUEST		Get origin quality	1623508277175	1623508296598	OK	 
USER	Test Video GET	END	1623508296599
REQUEST		Get origin quality	1623508277218	1623508296796	OK	 
USER	Test Video GET	END	1623508296797
REQUEST		Get origin quality	1623508279405	1623508299143	OK	 
USER	Test Video GET	END	1623508299143
REQUEST		Get origin quality	1623508279607	1623508299279	OK	 
USER	Test Video GET	END	1623508299280
REQUEST		Get origin quality	1623508279915	1623508299657	OK	 
USER	Test Video GET	END	1623508299658
REQUEST		Get origin quality	1623508279613	1623508299662	OK	 
USER	Test Video GET	END	1623508299662
REQUEST		Get origin quality	1623508279999	1623508299684	OK	 
USER	Test Video GET	END	1623508299685
REQUEST		Get origin quality	1623508280225	1623508299696	OK	 
USER	Test Video GET	END	1623508299696
REQUEST		Get origin quality	1623508280226	1623508299992	OK	 
USER	Test Video GET	END	1623508299994
REQUEST		Get origin quality	1623508280512	1623508300200	OK	 
USER	Test Video GET	END	1623508300200
REQUEST		Get origin quality	1623508280675	1623508300272	OK	 
USER	Test Video GET	END	1623508300273
REQUEST		Get origin quality	1623508281079	1623508300519	OK	 
USER	Test Video GET	END	1623508300520
REQUEST		Get origin quality	1623508282808	1623508302704	OK	 
USER	Test Video GET	END	1623508302705
REQUEST		Get origin quality	1623508283736	1623508303107	OK	 
USER	Test Video GET	END	1623508303107
REQUEST		Get origin quality	1623508284181	1623508303309	OK	 
USER	Test Video GET	END	1623508303310
REQUEST		Get origin quality	1623508283484	1623508303438	OK	 
USER	Test Video GET	END	1623508303439
REQUEST		Get origin quality	1623508284012	1623508303486	OK	 
USER	Test Video GET	END	1623508303488
REQUEST		Get origin quality	1623508282985	1623508303697	OK	 
USER	Test Video GET	END	1623508303698
REQUEST		Get origin quality	1623508284547	1623508303718	OK	 
USER	Test Video GET	END	1623508303719
REQUEST		Get origin quality	1623508284595	1623508303929	OK	 
USER	Test Video GET	END	1623508303930
REQUEST		Get origin quality	1623508284600	1623508303975	OK	 
USER	Test Video GET	END	1623508303975
REQUEST		Get origin quality	1623508284986	1623508304005	OK	 
USER	Test Video GET	END	1623508304006
