RUN	video.VideoSimulation	videosimulation	1623508343303	4 server 50 user	3.5.1
USER	Test Video GET	START	1623508344639
USER	Test Video GET	START	1623508344640
USER	Test Video GET	START	1623508344643
USER	Test Video GET	START	1623508344642
USER	Test Video GET	START	1623508344642
USER	Test Video GET	START	1623508344639
USER	Test Video GET	START	1623508345156
USER	Test Video GET	START	1623508345155
USER	Test Video GET	START	1623508345156
USER	Test Video GET	START	1623508345156
USER	Test Video GET	START	1623508345157
USER	Test Video GET	START	1623508345157
USER	Test Video GET	START	1623508344640
USER	Test Video GET	START	1623508344639
USER	Test Video GET	START	1623508345157
USER	Test Video GET	START	1623508345158
USER	Test Video GET	START	1623508345159
USER	Test Video GET	START	1623508345159
USER	Test Video GET	START	1623508344640
USER	Test Video GET	START	1623508345158
USER	Test Video GET	START	1623508344640
USER	Test Video GET	START	1623508345161
USER	Test Video GET	START	1623508344639
USER	Test Video GET	START	1623508344640
USER	Test Video GET	START	1623508344639
USER	Test Video GET	START	1623508345162
USER	Test Video GET	START	1623508345162
USER	Test Video GET	START	1623508345163
USER	Test Video GET	START	1623508345163
USER	Test Video GET	START	1623508345163
USER	Test Video GET	START	1623508345164
USER	Test Video GET	START	1623508344639
USER	Test Video GET	START	1623508345165
USER	Test Video GET	START	1623508344639
USER	Test Video GET	START	1623508345166
USER	Test Video GET	START	1623508344642
USER	Test Video GET	START	1623508345162
USER	Test Video GET	START	1623508345168
USER	Test Video GET	START	1623508345168
USER	Test Video GET	START	1623508345157
USER	Test Video GET	START	1623508345163
USER	Test Video GET	START	1623508345161
USER	Test Video GET	START	1623508345169
USER	Test Video GET	START	1623508345170
USER	Test Video GET	START	1623508345155
USER	Test Video GET	START	1623508345169
USER	Test Video GET	START	1623508345162
USER	Test Video GET	START	1623508345169
USER	Test Video GET	START	1623508345174
USER	Test Video GET	START	1623508345180
REQUEST		Get 480p quality	1623508345157	1623508347606	OK	 
REQUEST		Get 480p quality	1623508345157	1623508348546	OK	 
REQUEST		Get 480p quality	1623508345156	1623508348564	OK	 
REQUEST		Get 480p quality	1623508344676	1623508348788	OK	 
REQUEST		Get 480p quality	1623508344677	1623508348830	OK	 
REQUEST		Get 480p quality	1623508344677	1623508349032	OK	 
REQUEST		Get 480p quality	1623508345168	1623508349340	OK	 
REQUEST		Get 480p quality	1623508345162	1623508349709	OK	 
REQUEST		Get 480p quality	1623508345159	1623508350030	OK	 
REQUEST		Get 480p quality	1623508344677	1623508350059	OK	 
REQUEST		Get 480p quality	1623508345165	1623508350076	OK	 
REQUEST		Get 480p quality	1623508344677	1623508350188	OK	 
REQUEST		Get 480p quality	1623508344676	1623508350294	OK	 
REQUEST		Get 480p quality	1623508345161	1623508350325	OK	 
REQUEST		Get 480p quality	1623508344676	1623508350336	OK	 
REQUEST		Get 480p quality	1623508344677	1623508350406	OK	 
REQUEST		Get 480p quality	1623508345159	1623508350428	OK	 
REQUEST		Get 480p quality	1623508345171	1623508350507	OK	 
REQUEST		Get 480p quality	1623508345163	1623508350693	OK	 
REQUEST		Get 480p quality	1623508344678	1623508350774	OK	 
REQUEST		Get 480p quality	1623508345156	1623508350880	OK	 
REQUEST		Get 480p quality	1623508345169	1623508350892	OK	 
REQUEST		Get 480p quality	1623508345158	1623508351029	OK	 
REQUEST		Get 480p quality	1623508344676	1623508351125	OK	 
REQUEST		Get 480p quality	1623508344676	1623508351188	OK	 
REQUEST		Get 480p quality	1623508345161	1623508351426	OK	 
REQUEST		Get 480p quality	1623508345171	1623508351485	OK	 
REQUEST		Get 480p quality	1623508345156	1623508351500	OK	 
REQUEST		Get 480p quality	1623508345166	1623508351502	OK	 
REQUEST		Get 480p quality	1623508345160	1623508351746	OK	 
REQUEST		Get 480p quality	1623508344677	1623508353491	OK	 
REQUEST		Get 480p quality	1623508345168	1623508353509	OK	 
REQUEST		Get 480p quality	1623508345161	1623508353610	OK	 
REQUEST		Get 480p quality	1623508345169	1623508353820	OK	 
REQUEST		Get 480p quality	1623508345165	1623508353992	OK	 
REQUEST		Get 480p quality	1623508345158	1623508354071	OK	 
REQUEST		Get 480p quality	1623508344678	1623508354088	OK	 
REQUEST		Get 480p quality	1623508345164	1623508354174	OK	 
REQUEST		Get 480p quality	1623508345162	1623508354191	OK	 
REQUEST		Get origin quality	1623508350031	1623508354547	OK	 
USER	Test Video GET	END	1623508354552
REQUEST		Get 480p quality	1623508345169	1623508354623	OK	 
REQUEST		Get 480p quality	1623508345164	1623508354739	OK	 
REQUEST		Get 480p quality	1623508344678	1623508354740	OK	 
REQUEST		Get 480p quality	1623508345163	1623508354806	OK	 
REQUEST		Get 480p quality	1623508345168	1623508354825	OK	 
REQUEST		Get origin quality	1623508350191	1623508354848	OK	 
USER	Test Video GET	END	1623508354849
REQUEST		Get 480p quality	1623508345180	1623508354914	OK	 
REQUEST		Get origin quality	1623508348565	1623508355251	OK	 
USER	Test Video GET	END	1623508355253
REQUEST		Get 480p quality	1623508344677	1623508355255	OK	 
REQUEST		Get origin quality	1623508350338	1623508355304	OK	 
USER	Test Video GET	END	1623508355306
REQUEST		Get origin quality	1623508348831	1623508355438	OK	 
USER	Test Video GET	END	1623508355439
REQUEST		Get 480p quality	1623508345156	1623508355441	OK	 
REQUEST		Get origin quality	1623508350326	1623508355474	OK	 
USER	Test Video GET	END	1623508355476
REQUEST		Get 480p quality	1623508345175	1623508355484	OK	 
REQUEST		Get origin quality	1623508350296	1623508355499	OK	 
USER	Test Video GET	END	1623508355500
REQUEST		Get origin quality	1623508351030	1623508356221	OK	 
USER	Test Video GET	END	1623508356223
REQUEST		Get origin quality	1623508350429	1623508356790	OK	 
USER	Test Video GET	END	1623508356791
REQUEST		Get origin quality	1623508350407	1623508356808	OK	 
USER	Test Video GET	END	1623508356810
REQUEST		Get origin quality	1623508348789	1623508356816	OK	 
USER	Test Video GET	END	1623508356817
REQUEST		Get origin quality	1623508350881	1623508356819	OK	 
USER	Test Video GET	END	1623508356820
REQUEST		Get origin quality	1623508349710	1623508356989	OK	 
USER	Test Video GET	END	1623508356990
REQUEST		Get origin quality	1623508350077	1623508357014	OK	 
USER	Test Video GET	END	1623508357015
REQUEST		Get origin quality	1623508350508	1623508357067	OK	 
REQUEST		Get origin quality	1623508350775	1623508357067	OK	 
USER	Test Video GET	END	1623508357068
USER	Test Video GET	END	1623508357069
REQUEST		Get origin quality	1623508349342	1623508357301	OK	 
USER	Test Video GET	END	1623508357302
REQUEST		Get origin quality	1623508353492	1623508357411	OK	 
USER	Test Video GET	END	1623508357412
REQUEST		Get origin quality	1623508353821	1623508357426	OK	 
USER	Test Video GET	END	1623508357428
REQUEST		Get origin quality	1623508353612	1623508357472	OK	 
USER	Test Video GET	END	1623508357473
REQUEST		Get origin quality	1623508347628	1623508357926	OK	 
USER	Test Video GET	END	1623508357927
REQUEST		Get origin quality	1623508349034	1623508357999	OK	 
USER	Test Video GET	END	1623508358000
REQUEST		Get 480p quality	1623508344676	1623508358088	OK	 
REQUEST		Get origin quality	1623508348548	1623508358318	OK	 
USER	Test Video GET	END	1623508358319
REQUEST		Get 480p quality	1623508345158	1623508358601	OK	 
REQUEST		Get origin quality	1623508351190	1623508358930	OK	 
USER	Test Video GET	END	1623508358931
REQUEST		Get origin quality	1623508350693	1623508358981	OK	 
USER	Test Video GET	END	1623508358982
REQUEST		Get origin quality	1623508351126	1623508359000	OK	 
REQUEST		Get origin quality	1623508350060	1623508359000	OK	 
USER	Test Video GET	END	1623508359001
USER	Test Video GET	END	1623508359001
REQUEST		Get origin quality	1623508350894	1623508359133	OK	 
USER	Test Video GET	END	1623508359133
REQUEST		Get origin quality	1623508351486	1623508359396	OK	 
USER	Test Video GET	END	1623508359397
REQUEST		Get origin quality	1623508351427	1623508359485	OK	 
USER	Test Video GET	END	1623508359487
REQUEST		Get origin quality	1623508351501	1623508359694	OK	 
USER	Test Video GET	END	1623508359696
REQUEST		Get origin quality	1623508351502	1623508359836	OK	 
USER	Test Video GET	END	1623508359837
REQUEST		Get origin quality	1623508354174	1623508359928	OK	 
USER	Test Video GET	END	1623508359929
REQUEST		Get origin quality	1623508351748	1623508359942	OK	 
USER	Test Video GET	END	1623508359943
REQUEST		Get origin quality	1623508353510	1623508360343	OK	 
USER	Test Video GET	END	1623508360345
REQUEST		Get origin quality	1623508355485	1623508360636	OK	 
USER	Test Video GET	END	1623508360637
REQUEST		Get origin quality	1623508354916	1623508360646	OK	 
REQUEST		Get origin quality	1623508354827	1623508360656	OK	 
USER	Test Video GET	END	1623508360647
USER	Test Video GET	END	1623508360658
REQUEST		Get origin quality	1623508353994	1623508360761	OK	 
USER	Test Video GET	END	1623508360763
REQUEST		Get origin quality	1623508354090	1623508360869	OK	 
USER	Test Video GET	END	1623508360870
REQUEST		Get origin quality	1623508354740	1623508360876	OK	 
USER	Test Video GET	END	1623508360877
REQUEST		Get origin quality	1623508354192	1623508360903	OK	 
USER	Test Video GET	END	1623508360903
REQUEST		Get origin quality	1623508354624	1623508360920	OK	 
USER	Test Video GET	END	1623508360921
REQUEST		Get origin quality	1623508354740	1623508360944	OK	 
USER	Test Video GET	END	1623508360944
REQUEST		Get origin quality	1623508354072	1623508360969	OK	 
USER	Test Video GET	END	1623508360969
REQUEST		Get origin quality	1623508354807	1623508361075	OK	 
USER	Test Video GET	END	1623508361075
REQUEST		Get origin quality	1623508355256	1623508361628	OK	 
USER	Test Video GET	END	1623508361629
REQUEST		Get origin quality	1623508355442	1623508361879	OK	 
USER	Test Video GET	END	1623508361880
REQUEST		Get origin quality	1623508358089	1623508362224	OK	 
USER	Test Video GET	END	1623508362225
REQUEST		Get origin quality	1623508358602	1623508362319	OK	 
USER	Test Video GET	END	1623508362320
